[Thu Mar 26 12:15:54 PDT 2026] Starting paper reproduction task
Host: sh04-01n29.int
Project root: /scratch/users/jdehoney/eqnn_thesis
Working dir: /scratch/users/jdehoney/eqnn_thesis
Python executable: /scratch/users/jdehoney/venvs/eqnn_py312/bin/python3
Python version: Python 3.12.1
SLURM array job: 19639640
SLURM job: 19641823
SLURM array task: 29
SLURM_CPUS_PER_TASK=4
SLURM_TRES_PER_TASK=cpu=4
Decoded num qubits: 10
Decoded train size: 12
Seeds: 0 1 2
Epochs: 750
Learning rate: 0.05
Gradient backend: exact
Initialization strategy: noisy_current
Initialization noise scale: 0.05
Eigensolver: auto
Output dir: /scratch/users/jdehoney/eqnn_thesis/data/reproduction/paper_reproduction_19639640/n10/train_size_12
sys.executable = /scratch/users/jdehoney/venvs/eqnn_py312/bin/python
numpy = 2.2.6
scipy = 1.16.3
eqnn import ok
[Thu Mar 26 12:15:59 PDT 2026] Launching reproduction for N=10, train_size=12
Completed 3 paper reproduction runs
Summary written to /scratch/users/jdehoney/eqnn_thesis/data/reproduction/paper_reproduction_19639640/n10/train_size_12/summary.csv
[Fri Mar 27 14:45:49 PDT 2026] Completed paper reproduction for N=10, train_size=12
Contents of /scratch/users/jdehoney/eqnn_thesis/data/reproduction/paper_reproduction_19639640/n10/train_size_12:
total 26K
drwxr-xr-x 5 jdehoney kpohl 4.0K Mar 27 14:45 .
drwxr-xr-x 6 jdehoney kpohl 4.0K Mar 26 12:15 ..
drwxr-xr-x 3 jdehoney kpohl 4.0K Mar 26 12:16 datasets
drwxr-xr-x 3 jdehoney kpohl 4.0K Mar 26 21:07 experiments
-rw-r--r-- 1 jdehoney kpohl  385 Mar 26 12:15 paper_reproduction_config.json
drwxr-xr-x 2 jdehoney kpohl 4.0K Mar 27 14:45 phase_diagrams
-rw-r--r-- 1 jdehoney kpohl  945 Mar 27 14:45 runs.json
-rw-r--r-- 1 jdehoney kpohl  523 Mar 27 14:45 summary.csv
-rw-r--r-- 1 jdehoney kpohl  638 Mar 27 14:45 summary.json
