[Tue Mar 24 00:13:09 PDT 2026] Starting paper reproduction
Host: sh02-06n62.int
Project root: /scratch/users/jdehoney/eqnn_thesis
Working dir: /scratch/users/jdehoney/eqnn_thesis
Python executable: /scratch/users/jdehoney/venvs/eqnn_py312/bin/python3
Python version: Python 3.12.1
Num qubits: 8
Train sizes: 2 4 6 8 10 12
Random seeds: 0 1 2
Epochs: 750
Learning rate: 0.05
Gradient backend: exact
Initialization strategy: noisy_current
Initialization noise scale: 0.05
Eigensolver: auto
Output dir: /scratch/users/jdehoney/eqnn_thesis/data/reproduction/paper_reproduction_19394015/paper_reproduction_n8
SLURM job: 19394767
SLURM array task: 8
SLURM cpus-per-task: 5
sys.executable = /scratch/users/jdehoney/venvs/eqnn_py312/bin/python
numpy = 2.2.6
scipy = 1.16.3
eqnn import ok
[Tue Mar 24 00:13:12 PDT 2026] Launching reproduction for N=8
Completed 18 paper reproduction runs
Summary written to /scratch/users/jdehoney/eqnn_thesis/data/reproduction/paper_reproduction_19394015/paper_reproduction_n8/summary.csv
[Tue Mar 24 05:45:52 PDT 2026] Completed paper reproduction for N=8
