[Wed Mar 25 17:45:28 PDT 2026] Starting paper reproduction task
Host: sh03-01n08.int
Project root: /scratch/users/jdehoney/eqnn_thesis
Working dir: /scratch/users/jdehoney/eqnn_thesis
Python executable: /scratch/users/jdehoney/venvs/eqnn_py312/bin/python3
Python version: Python 3.12.1
SLURM array job: 19558980
SLURM job: 19560854
SLURM array task: 25
SLURM_CPUS_PER_TASK=4
SLURM_TRES_PER_TASK=cpu=4
Decoded num qubits: 10
Decoded train size: 4
Seeds: 0 1 2
Epochs: 750
Learning rate: 0.05
Gradient backend: exact
Initialization strategy: noisy_current
Initialization noise scale: 0.05
Eigensolver: auto
Output dir: /scratch/users/jdehoney/eqnn_thesis/data/reproduction/paper_reproduction_19558980/n10/train_size_4
sys.executable = /scratch/users/jdehoney/venvs/eqnn_py312/bin/python
numpy = 2.2.6
scipy = 1.16.3
eqnn import ok
[Wed Mar 25 17:45:29 PDT 2026] Launching reproduction for N=10, train_size=4
Completed 3 paper reproduction runs
Summary written to /scratch/users/jdehoney/eqnn_thesis/data/reproduction/paper_reproduction_19558980/n10/train_size_4/summary.csv
[Thu Mar 26 02:29:25 PDT 2026] Completed paper reproduction for N=10, train_size=4
Contents of /scratch/users/jdehoney/eqnn_thesis/data/reproduction/paper_reproduction_19558980/n10/train_size_4:
total 26K
drwxr-xr-x 5 jdehoney kpohl 4.0K Mar 26 02:29 .
drwxr-xr-x 8 jdehoney kpohl 4.0K Mar 25 17:48 ..
drwxr-xr-x 3 jdehoney kpohl 4.0K Mar 25 17:45 datasets
drwxr-xr-x 3 jdehoney kpohl 4.0K Mar 25 20:38 experiments
-rw-r--r-- 1 jdehoney kpohl  384 Mar 25 17:45 paper_reproduction_config.json
drwxr-xr-x 2 jdehoney kpohl 4.0K Mar 26 02:29 phase_diagrams
-rw-r--r-- 1 jdehoney kpohl  940 Mar 26 02:29 runs.json
-rw-r--r-- 1 jdehoney kpohl  522 Mar 26 02:29 summary.csv
-rw-r--r-- 1 jdehoney kpohl  637 Mar 26 02:29 summary.json
