[Wed Mar 25 17:42:19 PDT 2026] Starting paper reproduction task
Host: sh03-01n32.int
Project root: /scratch/users/jdehoney/eqnn_thesis
Working dir: /scratch/users/jdehoney/eqnn_thesis
Python executable: /scratch/users/jdehoney/venvs/eqnn_py312/bin/python3
Python version: Python 3.12.1
SLURM array job: 19558980
SLURM job: 19560307
SLURM array task: 12
SLURM_CPUS_PER_TASK=4
SLURM_TRES_PER_TASK=cpu=4
Decoded num qubits: 8
Decoded train size: 2
Seeds: 0 1 2
Epochs: 750
Learning rate: 0.05
Gradient backend: exact
Initialization strategy: noisy_current
Initialization noise scale: 0.05
Eigensolver: auto
Output dir: /scratch/users/jdehoney/eqnn_thesis/data/reproduction/paper_reproduction_19558980/n8/train_size_2
sys.executable = /scratch/users/jdehoney/venvs/eqnn_py312/bin/python
numpy = 2.2.6
scipy = 1.16.3
eqnn import ok
[Wed Mar 25 17:42:21 PDT 2026] Launching reproduction for N=8, train_size=2
Completed 3 paper reproduction runs
Summary written to /scratch/users/jdehoney/eqnn_thesis/data/reproduction/paper_reproduction_19558980/n8/train_size_2/summary.csv
[Wed Mar 25 17:50:15 PDT 2026] Completed paper reproduction for N=8, train_size=2
Contents of /scratch/users/jdehoney/eqnn_thesis/data/reproduction/paper_reproduction_19558980/n8/train_size_2:
total 26K
drwxr-xr-x 5 jdehoney kpohl 4.0K Mar 25 17:50 .
drwxr-xr-x 8 jdehoney kpohl 4.0K Mar 25 17:45 ..
drwxr-xr-x 3 jdehoney kpohl 4.0K Mar 25 17:42 datasets
drwxr-xr-x 3 jdehoney kpohl 4.0K Mar 25 17:45 experiments
-rw-r--r-- 1 jdehoney kpohl  383 Mar 25 17:42 paper_reproduction_config.json
drwxr-xr-x 2 jdehoney kpohl 4.0K Mar 25 17:50 phase_diagrams
-rw-r--r-- 1 jdehoney kpohl  939 Mar 25 17:50 runs.json
-rw-r--r-- 1 jdehoney kpohl  519 Mar 25 17:50 summary.csv
-rw-r--r-- 1 jdehoney kpohl  634 Mar 25 17:50 summary.json
