[Wed Mar 25 17:45:28 PDT 2026] Starting paper reproduction task
Host: sh03-01n68.int
Project root: /scratch/users/jdehoney/eqnn_thesis
Working dir: /scratch/users/jdehoney/eqnn_thesis
Python executable: /scratch/users/jdehoney/venvs/eqnn_py312/bin/python3
Python version: Python 3.12.1
SLURM array job: 19558980
SLURM job: 19560852
SLURM array task: 23
SLURM_CPUS_PER_TASK=4
SLURM_TRES_PER_TASK=cpu=4
Decoded num qubits: 9
Decoded train size: 12
Seeds: 0 1 2
Epochs: 750
Learning rate: 0.05
Gradient backend: exact
Initialization strategy: noisy_current
Initialization noise scale: 0.05
Eigensolver: auto
Output dir: /scratch/users/jdehoney/eqnn_thesis/data/reproduction/paper_reproduction_19558980/n9/train_size_12
sys.executable = /scratch/users/jdehoney/venvs/eqnn_py312/bin/python
numpy = 2.2.6
scipy = 1.16.3
eqnn import ok
[Wed Mar 25 17:45:29 PDT 2026] Launching reproduction for N=9, train_size=12
Completed 3 paper reproduction runs
Summary written to /scratch/users/jdehoney/eqnn_thesis/data/reproduction/paper_reproduction_19558980/n9/train_size_12/summary.csv
[Wed Mar 25 21:46:09 PDT 2026] Completed paper reproduction for N=9, train_size=12
Contents of /scratch/users/jdehoney/eqnn_thesis/data/reproduction/paper_reproduction_19558980/n9/train_size_12:
total 26K
drwxr-xr-x 5 jdehoney kpohl 4.0K Mar 25 21:46 .
drwxr-xr-x 8 jdehoney kpohl 4.0K Mar 25 17:45 ..
drwxr-xr-x 3 jdehoney kpohl 4.0K Mar 25 17:45 datasets
drwxr-xr-x 3 jdehoney kpohl 4.0K Mar 25 19:05 experiments
-rw-r--r-- 1 jdehoney kpohl  384 Mar 25 17:45 paper_reproduction_config.json
drwxr-xr-x 2 jdehoney kpohl 4.0K Mar 25 21:46 phase_diagrams
-rw-r--r-- 1 jdehoney kpohl  947 Mar 25 21:46 runs.json
-rw-r--r-- 1 jdehoney kpohl  557 Mar 25 21:46 summary.csv
-rw-r--r-- 1 jdehoney kpohl  672 Mar 25 21:46 summary.json
